<?xml version="1.0" encoding="UTF-8"?>
<!-- Generated by org.testng.reporters.JUnitReportReporter -->
<testsuite hostname="MacBook-Air-cua-ADMIN-2.local" failures="0" tests="1" name="Automation.testsuite.testTime" time="0.091" errors="0" timestamp="2024-03-30T17:18:19 PST" skipped="0">
  <testcase classname="Automation.testsuite.testTime" name="getCurrentMonth" time="0.091"/>
  <system-out/>
</testsuite> <!-- Automation.testsuite.testTime -->
