<?xml version="1.0" encoding="UTF-8"?>
<!-- Generated by org.testng.reporters.JUnitReportReporter -->
<testsuite hostname="MacBook-Air-cua-ADMIN-2.local" failures="0" tests="5" name="Automation.testsuite.Login_New" time="59.929" errors="0" timestamp="2024-03-30T00:23:39 PST" skipped="0">
  <testcase classname="Automation.testsuite.Login_New" name="LoginSuccess" time="17.856"/>
  <system-out/>
  <testcase classname="Automation.testsuite.Login_New" name="LoginFail_WrongEmail" time="10.148"/>
  <system-out/>
  <testcase classname="Automation.testsuite.Login_New" name="LoginFail_WrongPassword" time="10.357"/>
  <system-out/>
  <testcase classname="Automation.testsuite.Login_New" name="LoginFail_WrongEmailPass" time="9.830"/>
  <system-out/>
  <testcase classname="Automation.testsuite.Login_New" name="LoginAndLogoutFunction" time="11.738"/>
  <system-out/>
</testsuite> <!-- Automation.testsuite.Login_New -->
