<?xml version="1.0" encoding="UTF-8"?>
<!-- Generated by org.testng.reporters.JUnitReportReporter -->
<testsuite hostname="MacBook-Air-cua-ADMIN-2.local" failures="0" tests="1" name="automation.testsuite.Day16_AlertPractice" time="27.506" errors="0" timestamp="2023-11-09T21:57:27 PST" skipped="0">
  <testcase classname="automation.testsuite.Day16_AlertPractice" name="deleteCustomer" time="27.506"/>
  <system-out/>
</testsuite> <!-- automation.testsuite.Day16_AlertPractice -->
