<?xml version="1.0" encoding="UTF-8"?>
<!-- Generated by org.testng.reporters.JUnitReportReporter -->
<testsuite hostname="MacBook-Air-cua-ADMIN-2.local" failures="0" tests="3" name="automation.testsuite.Day12_exercise" time="81.653" errors="0" timestamp="2023-11-05T17:19:01 PST" skipped="0">
  <testcase classname="automation.testsuite.Day12_exercise" name="Bai_1a_SelectList" time="34.996"/>
  <system-out/>
  <testcase classname="automation.testsuite.Day12_exercise" name="Bai_1b_MultiSelectList" time="20.826"/>
  <system-out/>
  <testcase classname="automation.testsuite.Day12_exercise" name="Bai_2_SelectOption" time="25.831"/>
  <system-out/>
</testsuite> <!-- automation.testsuite.Day12_exercise -->
