<?xml version="1.0" encoding="UTF-8"?>
<!-- Generated by org.testng.reporters.JUnitReportReporter -->
<testsuite hostname="MacBook-Air-cua-ADMIN-2.local" failures="0" tests="2" name="automation.testsuite.Handle_IFrame_Day17" time="18.934" errors="0" timestamp="2023-11-14T21:42:25 PST" skipped="0">
  <testcase classname="automation.testsuite.Handle_IFrame_Day17" name="findIFrameIndex" time="13.639"/>
  <system-out/>
  <testcase classname="automation.testsuite.Handle_IFrame_Day17" name="handleFrame" time="5.295"/>
  <system-out/>
</testsuite> <!-- automation.testsuite.Handle_IFrame_Day17 -->
