<?xml version="1.0" encoding="UTF-8"?>
<!-- Generated by org.testng.reporters.JUnitReportReporter -->
<testsuite hostname="MacBook-Air-cua-ADMIN-2.local" failures="0" tests="3" name="automation.testsuite.LoginTest" time="45.889" errors="1" timestamp="2023-10-16T07:46:42 PST" skipped="2">
  <testcase classname="automation.testsuite.LoginTest" name="loginFail_IncorrectPass" time="0.000">
    <skipped/>
  </testcase> <!-- loginFail_IncorrectPass -->
  <system-out/>
  <testcase classname="automation.testsuite.LoginTest" name="loginSuccessfully" time="0.000">
    <skipped/>
  </testcase> <!-- loginSuccessfully -->
  <system-out/>
  <testcase classname="automation.testsuite.LoginTest" name="openChromeDriver" time="45.889">
    <error message="Failed to connect to binary FirefoxBinary(/Applications/Firefox.app/Contents/MacOS/firefox-bin) on port 7055; process output follows: 
2023-10-16 07:45:57.516 plugin-container[13635:41048] nil host used in call to allowsSpecificHTTPSCertificateForHost
2023-10-16 07:45:57.516 plugin-container[13635:41048] nil host used in call to allowsAnyHTTPSCertificateForHost:
2023-10-16 07:45:57.528 plugin-container[13635:41048] nil host used in call to allowsSpecificHTTPSCertificateForHost
2023-10-16 07:45:57.528 plugin-container[13635:41048] nil host used in call to allowsAnyHTTPSCertificateForHost:
2023-10-16 07:45:57.528 plugin-container[13635:41046] nil host used in call to allowsSpecificHTTPSCertificateForHost
2023-10-16 07:45:57.528 plugin-container[13635:41046] nil host used in call to allowsAnyHTTPSCertificateForHost:
2023-10-15 23:45:59.036 plugin-container[13646:41343] nil host used in call to allowsSpecificHTTPSCertificateForHost
2023-10-15 23:45:59.036 plugin-container[13646:41343] nil host used in call to allowsAnyHTTPSCertificateForHost:
2023-10-15 23:45:59.039 plugin-container[13646:41343] nil host used in call to allowsSpecificHTTPSCertificateForHost
2023-10-15 23:45:59.039 plugin-container[13646:41343] nil host used in call to allowsAnyHTTPSCertificateForHost:
2023-10-15 23:45:59.039 plugin-container[13646:41359] nil host used in call to allowsSpecificHTTPSCertificateForHost
2023-10-15 23:45:59.039 plugin-container[13646:41359] nil host used in call to allowsAnyHTTPSCertificateForHost:

Build info: version: &#039;2.53.1&#039;, revision: &#039;a36b8b1cd5757287168e54b817830adce9b0158d&#039;, time: &#039;2016-06-30 19:26:09&#039;
System info: host: &#039;MacBook-Air-cua-ADMIN-2.local&#039;, ip: &#039;127.50.100.1&#039;, os.name: &#039;Mac OS X&#039;, os.arch: &#039;x86_64&#039;, os.version: &#039;12.1&#039;, java.version: &#039;17.0.8.1&#039;
Driver info: driver.version: FirefoxDriver" type="org.openqa.selenium.WebDriverException">
      <![CDATA[org.openqa.selenium.WebDriverException: Failed to connect to binary FirefoxBinary(/Applications/Firefox.app/Contents/MacOS/firefox-bin) on port 7055; process output follows: 
2023-10-16 07:45:57.516 plugin-container[13635:41048] nil host used in call to allowsSpecificHTTPSCertificateForHost
2023-10-16 07:45:57.516 plugin-container[13635:41048] nil host used in call to allowsAnyHTTPSCertificateForHost:
2023-10-16 07:45:57.528 plugin-container[13635:41048] nil host used in call to allowsSpecificHTTPSCertificateForHost
2023-10-16 07:45:57.528 plugin-container[13635:41048] nil host used in call to allowsAnyHTTPSCertificateForHost:
2023-10-16 07:45:57.528 plugin-container[13635:41046] nil host used in call to allowsSpecificHTTPSCertificateForHost
2023-10-16 07:45:57.528 plugin-container[13635:41046] nil host used in call to allowsAnyHTTPSCertificateForHost:
2023-10-15 23:45:59.036 plugin-container[13646:41343] nil host used in call to allowsSpecificHTTPSCertificateForHost
2023-10-15 23:45:59.036 plugin-container[13646:41343] nil host used in call to allowsAnyHTTPSCertificateForHost:
2023-10-15 23:45:59.039 plugin-container[13646:41343] nil host used in call to allowsSpecificHTTPSCertificateForHost
2023-10-15 23:45:59.039 plugin-container[13646:41343] nil host used in call to allowsAnyHTTPSCertificateForHost:
2023-10-15 23:45:59.039 plugin-container[13646:41359] nil host used in call to allowsSpecificHTTPSCertificateForHost
2023-10-15 23:45:59.039 plugin-container[13646:41359] nil host used in call to allowsAnyHTTPSCertificateForHost:

Build info: version: '2.53.1', revision: 'a36b8b1cd5757287168e54b817830adce9b0158d', time: '2016-06-30 19:26:09'
System info: host: 'MacBook-Air-cua-ADMIN-2.local', ip: '127.50.100.1', os.name: 'Mac OS X', os.arch: 'x86_64', os.version: '12.1', java.version: '17.0.8.1'
Driver info: driver.version: FirefoxDriver
at org.openqa.selenium.firefox.internal.NewProfileExtensionConnection.start(NewProfileExtensionConnection.java:125)
at org.openqa.selenium.firefox.FirefoxDriver.startClient(FirefoxDriver.java:271)
at org.openqa.selenium.remote.RemoteWebDriver.<init>(RemoteWebDriver.java:119)
at org.openqa.selenium.firefox.FirefoxDriver.<init>(FirefoxDriver.java:216)
at org.openqa.selenium.firefox.FirefoxDriver.<init>(FirefoxDriver.java:211)
at org.openqa.selenium.firefox.FirefoxDriver.<init>(FirefoxDriver.java:207)
at org.openqa.selenium.firefox.FirefoxDriver.<init>(FirefoxDriver.java:120)
at automation.common.CommonBase.initFirefoxDriverTest(CommonBase.java:84)
at automation.testsuite.LoginTest.openChromeDriver(LoginTest.java:19)
at java.base/jdk.internal.reflect.NativeMethodAccessorImpl.invoke0(Native Method)
at java.base/jdk.internal.reflect.NativeMethodAccessorImpl.invoke(NativeMethodAccessorImpl.java:77)
at java.base/jdk.internal.reflect.DelegatingMethodAccessorImpl.invoke(DelegatingMethodAccessorImpl.java:43)
at java.base/java.lang.reflect.Method.invoke(Method.java:568)
at org.testng.internal.MethodInvocationHelper.invokeMethod(MethodInvocationHelper.java:133)
at org.testng.internal.MethodInvocationHelper.invokeMethodConsideringTimeout(MethodInvocationHelper.java:62)
at org.testng.internal.ConfigInvoker.invokeConfigurationMethod(ConfigInvoker.java:385)
at org.testng.internal.ConfigInvoker.invokeConfigurations(ConfigInvoker.java:321)
at org.testng.TestRunner.invokeTestConfigurations(TestRunner.java:637)
at org.testng.TestRunner.beforeRun(TestRunner.java:627)
at org.testng.TestRunner.run(TestRunner.java:589)
at org.testng.SuiteRunner.runTest(SuiteRunner.java:377)
at org.testng.SuiteRunner.runSequentially(SuiteRunner.java:371)
at org.testng.SuiteRunner.privateRun(SuiteRunner.java:332)
at org.testng.SuiteRunner.run(SuiteRunner.java:276)
at org.testng.SuiteRunnerWorker.runSuite(SuiteRunnerWorker.java:53)
at org.testng.SuiteRunnerWorker.run(SuiteRunnerWorker.java:96)
at org.testng.TestNG.runSuitesSequentially(TestNG.java:1212)
at org.testng.TestNG.runSuitesLocally(TestNG.java:1134)
at org.testng.TestNG.runSuites(TestNG.java:1063)
at org.testng.TestNG.run(TestNG.java:1031)
at org.testng.remote.AbstractRemoteTestNG.run(AbstractRemoteTestNG.java:115)
at org.testng.remote.RemoteTestNG.initAndRun(RemoteTestNG.java:251)
at org.testng.remote.RemoteTestNG.main(RemoteTestNG.java:77)
Caused by: org.openqa.selenium.firefox.NotConnectedException: Unable to connect to host 127.0.0.1 on port 7055 after 45000 ms. Firefox console output:
2023-10-16 07:45:57.516 plugin-container[13635:41048] nil host used in call to allowsSpecificHTTPSCertificateForHost
2023-10-16 07:45:57.516 plugin-container[13635:41048] nil host used in call to allowsAnyHTTPSCertificateForHost:
2023-10-16 07:45:57.528 plugin-container[13635:41048] nil host used in call to allowsSpecificHTTPSCertificateForHost
2023-10-16 07:45:57.528 plugin-container[13635:41048] nil host used in call to allowsAnyHTTPSCertificateForHost:
2023-10-16 07:45:57.528 plugin-container[13635:41046] nil host used in call to allowsSpecificHTTPSCertificateForHost
2023-10-16 07:45:57.528 plugin-container[13635:41046] nil host used in call to allowsAnyHTTPSCertificateForHost:
2023-10-15 23:45:59.036 plugin-container[13646:41343] nil host used in call to allowsSpecificHTTPSCertificateForHost
2023-10-15 23:45:59.036 plugin-container[13646:41343] nil host used in call to allowsAnyHTTPSCertificateForHost:
2023-10-15 23:45:59.039 plugin-container[13646:41343] nil host used in call to allowsSpecificHTTPSCertificateForHost
2023-10-15 23:45:59.039 plugin-container[13646:41343] nil host used in call to allowsAnyHTTPSCertificateForHost:
2023-10-15 23:45:59.039 plugin-container[13646:41359] nil host used in call to allowsSpecificHTTPSCertificateForHost
2023-10-15 23:45:59.039 plugin-container[13646:41359] nil host used in call to allowsAnyHTTPSCertificateForHost:

at org.openqa.selenium.firefox.internal.NewProfileExtensionConnection.start(NewProfileExtensionConnection.java:113)
... 32 more
]]>
    </error>
  </testcase> <!-- openChromeDriver -->
  <system-out/>
</testsuite> <!-- automation.testsuite.LoginTest -->
