<?xml version="1.0" encoding="UTF-8"?>
<!-- Generated by org.testng.reporters.JUnitReportReporter -->
<testsuite hostname="MacBook-Air-cua-ADMIN-2.local" failures="0" tests="1" name="automation.testsuite.PôppWindows_Day17" time="36.130" errors="0" timestamp="2023-11-14T21:50:56 PST" skipped="0">
  <testcase classname="automation.testsuite.PôppWindows_Day17" name="VerifyNewtab" time="36.130"/>
  <system-out/>
</testsuite> <!-- automation.testsuite.PôppWindows_Day17 -->
