<?xml version="1.0" encoding="UTF-8"?>
<!-- Generated by org.testng.reporters.JUnitReportReporter -->
<testsuite hostname="MacBook-Air-cua-ADMIN-2.local" failures="0" tests="1" name="automation.testsuite.Login" time="26.032" errors="0" timestamp="2023-11-05T15:05:29 PST" skipped="0">
  <testcase classname="automation.testsuite.Login" name="LoginSuccessfully" time="26.032"/>
  <system-out/>
</testsuite> <!-- automation.testsuite.Login -->
