<?xml version="1.0" encoding="UTF-8"?>
<!-- Generated by org.testng.reporters.JUnitReportReporter -->
<testsuite hostname="MacBook-Air-cua-ADMIN-2.local" failures="0" tests="1" name="Automation.testsuite.Event_project" time="14.124" errors="0" timestamp="2024-03-29T10:08:31 PST" skipped="0">
  <testcase classname="Automation.testsuite.Event_project" name="ClickOnCheckBox" time="14.124"/>
  <system-out/>
</testsuite> <!-- Automation.testsuite.Event_project -->
